<?xml version="1.0" encoding="UTF-8"?>
<coverage generated="1710894279157" clover="3.2.0">
  <project timestamp="1710894279157" name="All files">
    <metrics statements="134" coveredstatements="98" conditionals="74" coveredconditionals="40" methods="20" coveredmethods="17" elements="228" coveredelements="155" complexity="0" loc="134" ncloc="134" packages="1" files="1" classes="1"/>
    <file name="transpiler.js" path="C:\Dev\Testes\transpiler\acorn\transpiler.js">
      <metrics statements="134" coveredstatements="98" conditionals="74" coveredconditionals="40" methods="20" coveredmethods="17"/>
      <line num="1" count="1" type="stmt"/>
      <line num="2" count="1" type="stmt"/>
      <line num="4" count="1" type="stmt"/>
      <line num="5" count="1" type="stmt"/>
      <line num="6" count="1" type="stmt"/>
      <line num="8" count="1" type="stmt"/>
      <line num="31" count="1" type="stmt"/>
      <line num="34" count="20" type="stmt"/>
      <line num="37" count="8" type="stmt"/>
      <line num="40" count="1" type="stmt"/>
      <line num="47" count="4" type="stmt"/>
      <line num="49" count="4" type="stmt"/>
      <line num="51" count="4" type="cond" truecount="2" falsecount="0"/>
      <line num="52" count="1" type="stmt"/>
      <line num="54" count="4" type="stmt"/>
      <line num="64" count="2" type="stmt"/>
      <line num="66" count="2" type="stmt"/>
      <line num="68" count="2" type="cond" truecount="1" falsecount="1"/>
      <line num="70" count="2" type="stmt"/>
      <line num="71" count="2" type="cond" truecount="2" falsecount="0"/>
      <line num="73" count="2" type="cond" truecount="1" falsecount="1"/>
      <line num="75" count="0" type="cond" truecount="0" falsecount="2"/>
      <line num="77" count="0" type="stmt"/>
      <line num="79" count="0" type="cond" truecount="0" falsecount="2"/>
      <line num="80" count="0" type="stmt"/>
      <line num="83" count="2" type="stmt"/>
      <line num="87" count="2" type="stmt"/>
      <line num="88" count="2" type="stmt"/>
      <line num="89" count="2" type="stmt"/>
      <line num="92" count="2" type="stmt"/>
      <line num="99" count="0" type="stmt"/>
      <line num="104" count="2" type="stmt"/>
      <line num="110" count="2" type="stmt"/>
      <line num="112" count="2" type="stmt"/>
      <line num="114" count="2" type="cond" truecount="1" falsecount="1"/>
      <line num="117" count="0" type="stmt"/>
      <line num="120" count="2" type="cond" truecount="1" falsecount="1"/>
      <line num="122" count="2" type="stmt"/>
      <line num="125" count="2" type="stmt"/>
      <line num="127" count="2" type="stmt"/>
      <line num="133" count="5" type="cond" truecount="1" falsecount="1"/>
      <line num="134" count="0" type="stmt"/>
      <line num="135" count="5" type="cond" truecount="2" falsecount="0"/>
      <line num="136" count="4" type="stmt"/>
      <line num="137" count="1" type="cond" truecount="1" falsecount="1"/>
      <line num="138" count="1" type="stmt"/>
      <line num="144" count="3" type="stmt"/>
      <line num="146" count="3" type="stmt"/>
      <line num="147" count="3" type="stmt"/>
      <line num="148" count="3" type="cond" truecount="1" falsecount="1"/>
      <line num="152" count="3" type="cond" truecount="2" falsecount="0"/>
      <line num="154" count="1" type="stmt"/>
      <line num="155" count="2" type="cond" truecount="1" falsecount="1"/>
      <line num="156" count="2" type="stmt"/>
      <line num="166" count="1" type="stmt"/>
      <line num="173" count="1" type="stmt"/>
      <line num="177" count="1" type="cond" truecount="1" falsecount="1"/>
      <line num="178" count="1" type="stmt"/>
      <line num="180" count="0" type="stmt"/>
      <line num="182" count="1" type="cond" truecount="1" falsecount="1"/>
      <line num="183" count="0" type="stmt"/>
      <line num="185" count="1" type="stmt"/>
      <line num="188" count="1" type="stmt"/>
      <line num="195" count="1" type="stmt"/>
      <line num="199" count="1" type="cond" truecount="1" falsecount="1"/>
      <line num="200" count="1" type="stmt"/>
      <line num="202" count="0" type="stmt"/>
      <line num="204" count="1" type="cond" truecount="1" falsecount="1"/>
      <line num="205" count="0" type="stmt"/>
      <line num="207" count="1" type="stmt"/>
      <line num="210" count="1" type="stmt"/>
      <line num="216" count="0" type="stmt"/>
      <line num="217" count="0" type="stmt"/>
      <line num="218" count="0" type="stmt"/>
      <line num="220" count="0" type="cond" truecount="0" falsecount="2"/>
      <line num="221" count="0" type="stmt"/>
      <line num="223" count="0" type="stmt"/>
      <line num="225" count="0" type="cond" truecount="0" falsecount="2"/>
      <line num="226" count="0" type="stmt"/>
      <line num="228" count="0" type="stmt"/>
      <line num="230" count="0" type="stmt"/>
      <line num="238" count="0" type="stmt"/>
      <line num="239" count="0" type="stmt"/>
      <line num="243" count="0" type="cond" truecount="0" falsecount="2"/>
      <line num="244" count="0" type="stmt"/>
      <line num="246" count="0" type="cond" truecount="0" falsecount="2"/>
      <line num="247" count="0" type="stmt"/>
      <line num="250" count="0" type="cond" truecount="0" falsecount="2"/>
      <line num="251" count="0" type="stmt"/>
      <line num="253" count="0" type="cond" truecount="0" falsecount="2"/>
      <line num="254" count="0" type="stmt"/>
      <line num="256" count="0" type="stmt"/>
      <line num="263" count="1" type="cond" truecount="1" falsecount="1"/>
      <line num="265" count="1" type="stmt"/>
      <line num="268" count="0" type="cond" truecount="0" falsecount="2"/>
      <line num="270" count="0" type="stmt"/>
      <line num="279" count="8" type="stmt"/>
      <line num="281" count="8" type="cond" truecount="2" falsecount="0"/>
      <line num="284" count="4" type="stmt"/>
      <line num="286" count="4" type="cond" truecount="1" falsecount="1"/>
      <line num="288" count="4" type="stmt"/>
      <line num="290" count="0" type="stmt"/>
      <line num="295" count="8" type="stmt"/>
      <line num="304" count="38" type="cond" truecount="2" falsecount="0"/>
      <line num="306" count="8" type="stmt"/>
      <line num="308" count="8" type="stmt"/>
      <line num="310" count="9" type="stmt"/>
      <line num="313" count="8" type="stmt"/>
      <line num="316" count="30" type="cond" truecount="2" falsecount="0"/>
      <line num="318" count="8" type="stmt"/>
      <line num="321" count="22" type="cond" truecount="2" falsecount="0"/>
      <line num="323" count="11" type="stmt"/>
      <line num="324" count="11" type="stmt"/>
      <line num="325" count="11" type="stmt"/>
      <line num="327" count="10" type="stmt"/>
      <line num="329" count="11" type="stmt"/>
      <line num="332" count="11" type="cond" truecount="2" falsecount="0"/>
      <line num="334" count="1" type="stmt"/>
      <line num="338" count="10" type="cond" truecount="2" falsecount="0"/>
      <line num="340" count="1" type="stmt"/>
      <line num="343" count="9" type="cond" truecount="2" falsecount="0"/>
      <line num="345" count="5" type="stmt"/>
      <line num="348" count="4" type="cond" truecount="2" falsecount="0"/>
      <line num="350" count="1" type="stmt"/>
      <line num="353" count="3" type="cond" truecount="1" falsecount="1"/>
      <line num="355" count="3" type="stmt"/>
      <line num="363" count="8" type="stmt"/>
      <line num="364" count="8" type="stmt"/>
      <line num="367" count="0" type="stmt"/>
      <line num="375" count="8" type="stmt"/>
      <line num="382" count="8" type="stmt"/>
      <line num="384" count="8" type="stmt"/>
      <line num="388" count="1" type="stmt"/>
      <line num="390" count="1" type="stmt"/>
    </file>
  </project>
</coverage>
