{"C:\\Dev\\Testes\\transpiler\\acorn\\transpiler.js": {"path":"C:\\Dev\\Testes\\transpiler\\acorn\\transpiler.js","statementMap":{"0":{"start":{"line":1,"column":14},"end":{"line":1,"column":30}},"1":{"start":{"line":2,"column":13},"end":{"line":2,"column":34}},"2":{"start":{"line":4,"column":12},"end":{"line":4,"column":16}},"3":{"start":{"line":5,"column":15},"end":{"line":5,"column":18}},"4":{"start":{"line":6,"column":18},"end":{"line":6,"column":21}},"5":{"start":{"line":8,"column":15},"end":{"line":28,"column":1}},"6":{"start":{"line":31,"column":18},"end":{"line":38,"column":1}},"7":{"start":{"line":34,"column":8},"end":{"line":34,"column":29}},"8":{"start":{"line":37,"column":4},"end":{"line":37,"column":17}},"9":{"start":{"line":40,"column":20},"end":{"line":40,"column":78}},"10":{"start":{"line":47,"column":4},"end":{"line":47,"column":39}},"11":{"start":{"line":49,"column":14},"end":{"line":49,"column":34}},"12":{"start":{"line":51,"column":4},"end":{"line":52,"column":25}},"13":{"start":{"line":52,"column":8},"end":{"line":52,"column":25}},"14":{"start":{"line":54,"column":4},"end":{"line":54,"column":15}},"15":{"start":{"line":64,"column":26},"end":{"line":84,"column":5}},"16":{"start":{"line":66,"column":18},"end":{"line":66,"column":20}},"17":{"start":{"line":68,"column":8},"end":{"line":81,"column":9}},"18":{"start":{"line":70,"column":24},"end":{"line":70,"column":38}},"19":{"start":{"line":71,"column":26},"end":{"line":71,"column":58}},"20":{"start":{"line":73,"column":12},"end":{"line":73,"column":66}},"21":{"start":{"line":75,"column":13},"end":{"line":81,"column":9}},"22":{"start":{"line":77,"column":12},"end":{"line":77,"column":32}},"23":{"start":{"line":79,"column":13},"end":{"line":81,"column":9}},"24":{"start":{"line":80,"column":12},"end":{"line":80,"column":46}},"25":{"start":{"line":83,"column":8},"end":{"line":83,"column":19}},"26":{"start":{"line":87,"column":14},"end":{"line":87,"column":16}},"27":{"start":{"line":88,"column":4},"end":{"line":90,"column":5}},"28":{"start":{"line":88,"column":17},"end":{"line":88,"column":18}},"29":{"start":{"line":89,"column":8},"end":{"line":89,"column":44}},"30":{"start":{"line":92,"column":4},"end":{"line":92,"column":15}},"31":{"start":{"line":99,"column":4},"end":{"line":99,"column":37}},"32":{"start":{"line":104,"column":4},"end":{"line":104,"column":44}},"33":{"start":{"line":110,"column":17},"end":{"line":110,"column":32}},"34":{"start":{"line":112,"column":13},"end":{"line":112,"column":15}},"35":{"start":{"line":114,"column":4},"end":{"line":118,"column":5}},"36":{"start":{"line":117,"column":8},"end":{"line":117,"column":54}},"37":{"start":{"line":120,"column":4},"end":{"line":123,"column":5}},"38":{"start":{"line":122,"column":8},"end":{"line":122,"column":46}},"39":{"start":{"line":125,"column":14},"end":{"line":125,"column":46}},"40":{"start":{"line":127,"column":4},"end":{"line":127,"column":28}},"41":{"start":{"line":133,"column":4},"end":{"line":138,"column":48}},"42":{"start":{"line":134,"column":8},"end":{"line":134,"column":26}},"43":{"start":{"line":135,"column":9},"end":{"line":138,"column":48}},"44":{"start":{"line":136,"column":8},"end":{"line":136,"column":47}},"45":{"start":{"line":137,"column":9},"end":{"line":138,"column":48}},"46":{"start":{"line":138,"column":8},"end":{"line":138,"column":48}},"47":{"start":{"line":144,"column":4},"end":{"line":159,"column":5}},"48":{"start":{"line":144,"column":18},"end":{"line":144,"column":19}},"49":{"start":{"line":146,"column":19},"end":{"line":146,"column":46}},"50":{"start":{"line":147,"column":19},"end":{"line":147,"column":43}},"51":{"start":{"line":148,"column":8},"end":{"line":158,"column":9}},"52":{"start":{"line":152,"column":12},"end":{"line":157,"column":13}},"53":{"start":{"line":154,"column":16},"end":{"line":154,"column":59}},"54":{"start":{"line":155,"column":18},"end":{"line":157,"column":13}},"55":{"start":{"line":156,"column":16},"end":{"line":156,"column":47}},"56":{"start":{"line":166,"column":4},"end":{"line":166,"column":21}},"57":{"start":{"line":173,"column":19},"end":{"line":173,"column":34}},"58":{"start":{"line":177,"column":4},"end":{"line":180,"column":33}},"59":{"start":{"line":178,"column":8},"end":{"line":178,"column":32}},"60":{"start":{"line":180,"column":8},"end":{"line":180,"column":33}},"61":{"start":{"line":182,"column":4},"end":{"line":185,"column":35}},"62":{"start":{"line":183,"column":8},"end":{"line":183,"column":34}},"63":{"start":{"line":185,"column":8},"end":{"line":185,"column":35}},"64":{"start":{"line":188,"column":4},"end":{"line":188,"column":48}},"65":{"start":{"line":195,"column":19},"end":{"line":195,"column":34}},"66":{"start":{"line":199,"column":4},"end":{"line":202,"column":33}},"67":{"start":{"line":200,"column":8},"end":{"line":200,"column":32}},"68":{"start":{"line":202,"column":8},"end":{"line":202,"column":33}},"69":{"start":{"line":204,"column":4},"end":{"line":207,"column":35}},"70":{"start":{"line":205,"column":8},"end":{"line":205,"column":34}},"71":{"start":{"line":207,"column":8},"end":{"line":207,"column":35}},"72":{"start":{"line":210,"column":4},"end":{"line":210,"column":51}},"73":{"start":{"line":216,"column":15},"end":{"line":216,"column":17}},"74":{"start":{"line":217,"column":16},"end":{"line":217,"column":18}},"75":{"start":{"line":218,"column":13},"end":{"line":218,"column":26}},"76":{"start":{"line":220,"column":4},"end":{"line":223,"column":31}},"77":{"start":{"line":221,"column":8},"end":{"line":221,"column":30}},"78":{"start":{"line":223,"column":8},"end":{"line":223,"column":31}},"79":{"start":{"line":225,"column":4},"end":{"line":228,"column":33}},"80":{"start":{"line":226,"column":8},"end":{"line":226,"column":32}},"81":{"start":{"line":228,"column":8},"end":{"line":228,"column":33}},"82":{"start":{"line":230,"column":4},"end":{"line":230,"column":29}},"83":{"start":{"line":238,"column":15},"end":{"line":238,"column":24}},"84":{"start":{"line":239,"column":16},"end":{"line":239,"column":26}},"85":{"start":{"line":243,"column":4},"end":{"line":244,"column":26}},"86":{"start":{"line":244,"column":8},"end":{"line":244,"column":26}},"87":{"start":{"line":246,"column":4},"end":{"line":247,"column":42}},"88":{"start":{"line":247,"column":8},"end":{"line":247,"column":42}},"89":{"start":{"line":250,"column":4},"end":{"line":251,"column":27}},"90":{"start":{"line":251,"column":8},"end":{"line":251,"column":27}},"91":{"start":{"line":253,"column":4},"end":{"line":254,"column":43}},"92":{"start":{"line":254,"column":8},"end":{"line":254,"column":43}},"93":{"start":{"line":256,"column":4},"end":{"line":256,"column":48}},"94":{"start":{"line":263,"column":4},"end":{"line":266,"column":5}},"95":{"start":{"line":265,"column":8},"end":{"line":265,"column":49}},"96":{"start":{"line":268,"column":4},"end":{"line":271,"column":5}},"97":{"start":{"line":270,"column":8},"end":{"line":270,"column":53}},"98":{"start":{"line":279,"column":16},"end":{"line":279,"column":18}},"99":{"start":{"line":281,"column":4},"end":{"line":293,"column":5}},"100":{"start":{"line":284,"column":8},"end":{"line":292,"column":9}},"101":{"start":{"line":284,"column":19},"end":{"line":284,"column":20}},"102":{"start":{"line":286,"column":12},"end":{"line":291,"column":13}},"103":{"start":{"line":288,"column":16},"end":{"line":288,"column":42}},"104":{"start":{"line":290,"column":16},"end":{"line":290,"column":49}},"105":{"start":{"line":295,"column":4},"end":{"line":295,"column":46}},"106":{"start":{"line":304,"column":4},"end":{"line":314,"column":5}},"107":{"start":{"line":306,"column":18},"end":{"line":306,"column":20}},"108":{"start":{"line":308,"column":8},"end":{"line":311,"column":9}},"109":{"start":{"line":310,"column":12},"end":{"line":310,"column":63}},"110":{"start":{"line":313,"column":8},"end":{"line":313,"column":19}},"111":{"start":{"line":316,"column":4},"end":{"line":319,"column":5}},"112":{"start":{"line":318,"column":8},"end":{"line":318,"column":92}},"113":{"start":{"line":321,"column":4},"end":{"line":330,"column":5}},"114":{"start":{"line":323,"column":16},"end":{"line":323,"column":21}},"115":{"start":{"line":324,"column":18},"end":{"line":324,"column":20}},"116":{"start":{"line":325,"column":8},"end":{"line":328,"column":9}},"117":{"start":{"line":325,"column":20},"end":{"line":325,"column":21}},"118":{"start":{"line":327,"column":12},"end":{"line":327,"column":62}},"119":{"start":{"line":329,"column":8},"end":{"line":329,"column":19}},"120":{"start":{"line":332,"column":4},"end":{"line":336,"column":5}},"121":{"start":{"line":334,"column":8},"end":{"line":335,"column":126}},"122":{"start":{"line":338,"column":4},"end":{"line":341,"column":5}},"123":{"start":{"line":340,"column":8},"end":{"line":340,"column":51}},"124":{"start":{"line":343,"column":4},"end":{"line":346,"column":5}},"125":{"start":{"line":345,"column":8},"end":{"line":345,"column":47}},"126":{"start":{"line":348,"column":4},"end":{"line":351,"column":5}},"127":{"start":{"line":350,"column":8},"end":{"line":350,"column":87}},"128":{"start":{"line":353,"column":4},"end":{"line":356,"column":5}},"129":{"start":{"line":355,"column":8},"end":{"line":355,"column":51}},"130":{"start":{"line":363,"column":4},"end":{"line":368,"column":5}},"131":{"start":{"line":364,"column":8},"end":{"line":364,"column":56}},"132":{"start":{"line":367,"column":8},"end":{"line":367,"column":59}},"133":{"start":{"line":375,"column":15},"end":{"line":375,"column":29}},"134":{"start":{"line":382,"column":16},"end":{"line":382,"column":33}},"135":{"start":{"line":384,"column":4},"end":{"line":384,"column":42}},"136":{"start":{"line":388,"column":0},"end":{"line":388,"column":59}},"137":{"start":{"line":390,"column":0},"end":{"line":390,"column":58}}},"fnMap":{"0":{"name":"(anonymous_0)","decl":{"start":{"line":31,"column":18},"end":{"line":31,"column":19}},"loc":{"start":{"line":31,"column":25},"end":{"line":38,"column":1}},"line":31},"1":{"name":"apply","decl":{"start":{"line":33,"column":13},"end":{"line":33,"column":18}},"loc":{"start":{"line":33,"column":24},"end":{"line":35,"column":5}},"line":33},"2":{"name":"getCalleeName","decl":{"start":{"line":42,"column":9},"end":{"line":42,"column":22}},"loc":{"start":{"line":43,"column":0},"end":{"line":56,"column":1}},"line":43},"3":{"name":"getArguments","decl":{"start":{"line":61,"column":9},"end":{"line":61,"column":21}},"loc":{"start":{"line":62,"column":0},"end":{"line":94,"column":1}},"line":62},"4":{"name":"(anonymous_4)","decl":{"start":{"line":64,"column":26},"end":{"line":64,"column":27}},"loc":{"start":{"line":64,"column":40},"end":{"line":84,"column":5}},"line":64},"5":{"name":"callExpressionArg","decl":{"start":{"line":97,"column":9},"end":{"line":97,"column":26}},"loc":{"start":{"line":98,"column":0},"end":{"line":100,"column":1}},"line":98},"6":{"name":"callExpressionFn","decl":{"start":{"line":102,"column":9},"end":{"line":102,"column":25}},"loc":{"start":{"line":103,"column":0},"end":{"line":105,"column":1}},"line":103},"7":{"name":"callExpression","decl":{"start":{"line":107,"column":9},"end":{"line":107,"column":23}},"loc":{"start":{"line":108,"column":0},"end":{"line":128,"column":1}},"line":108},"8":{"name":"returnStatement","decl":{"start":{"line":131,"column":9},"end":{"line":131,"column":24}},"loc":{"start":{"line":132,"column":0},"end":{"line":139,"column":1}},"line":132},"9":{"name":"variableDeclaration","decl":{"start":{"line":141,"column":9},"end":{"line":141,"column":28}},"loc":{"start":{"line":142,"column":0},"end":{"line":161,"column":1}},"line":142},"10":{"name":"elseStatement","decl":{"start":{"line":163,"column":9},"end":{"line":163,"column":22}},"loc":{"start":{"line":164,"column":0},"end":{"line":168,"column":1}},"line":164},"11":{"name":"ifStatement","decl":{"start":{"line":170,"column":9},"end":{"line":170,"column":20}},"loc":{"start":{"line":171,"column":0},"end":{"line":190,"column":1}},"line":171},"12":{"name":"whileStatement","decl":{"start":{"line":192,"column":9},"end":{"line":192,"column":23}},"loc":{"start":{"line":193,"column":0},"end":{"line":212,"column":1}},"line":193},"13":{"name":"getBinaryExpression","decl":{"start":{"line":214,"column":9},"end":{"line":214,"column":28}},"loc":{"start":{"line":215,"column":0},"end":{"line":232,"column":1}},"line":215},"14":{"name":"assignmentExpression","decl":{"start":{"line":235,"column":9},"end":{"line":235,"column":29}},"loc":{"start":{"line":236,"column":0},"end":{"line":258,"column":1}},"line":236},"15":{"name":"expressionStatement","decl":{"start":{"line":260,"column":9},"end":{"line":260,"column":28}},"loc":{"start":{"line":261,"column":0},"end":{"line":273,"column":1}},"line":261},"16":{"name":"functionDeclaration","decl":{"start":{"line":276,"column":9},"end":{"line":276,"column":28}},"loc":{"start":{"line":277,"column":0},"end":{"line":298,"column":1}},"line":277},"17":{"name":"transpilerTree","decl":{"start":{"line":301,"column":9},"end":{"line":301,"column":23}},"loc":{"start":{"line":302,"column":0},"end":{"line":358,"column":1}},"line":302},"18":{"name":"getTree","decl":{"start":{"line":361,"column":9},"end":{"line":361,"column":16}},"loc":{"start":{"line":362,"column":0},"end":{"line":370,"column":1}},"line":362},"19":{"name":"transpiler","decl":{"start":{"line":373,"column":9},"end":{"line":373,"column":19}},"loc":{"start":{"line":374,"column":0},"end":{"line":386,"column":1}},"line":374}},"branchMap":{"0":{"loc":{"start":{"line":51,"column":4},"end":{"line":52,"column":25}},"type":"if","locations":[{"start":{"line":51,"column":4},"end":{"line":52,"column":25}},{"start":{},"end":{}}],"line":51},"1":{"loc":{"start":{"line":68,"column":8},"end":{"line":81,"column":9}},"type":"if","locations":[{"start":{"line":68,"column":8},"end":{"line":81,"column":9}},{"start":{"line":75,"column":13},"end":{"line":81,"column":9}}],"line":68},"2":{"loc":{"start":{"line":71,"column":26},"end":{"line":71,"column":58}},"type":"cond-expr","locations":[{"start":{"line":71,"column":40},"end":{"line":71,"column":45}},{"start":{"line":71,"column":46},"end":{"line":71,"column":58}}],"line":71},"3":{"loc":{"start":{"line":73,"column":18},"end":{"line":73,"column":65}},"type":"cond-expr","locations":[{"start":{"line":73,"column":30},"end":{"line":73,"column":42}},{"start":{"line":73,"column":45},"end":{"line":73,"column":65}}],"line":73},"4":{"loc":{"start":{"line":75,"column":13},"end":{"line":81,"column":9}},"type":"if","locations":[{"start":{"line":75,"column":13},"end":{"line":81,"column":9}},{"start":{"line":79,"column":13},"end":{"line":81,"column":9}}],"line":75},"5":{"loc":{"start":{"line":79,"column":13},"end":{"line":81,"column":9}},"type":"if","locations":[{"start":{"line":79,"column":13},"end":{"line":81,"column":9}},{"start":{},"end":{}}],"line":79},"6":{"loc":{"start":{"line":114,"column":4},"end":{"line":118,"column":5}},"type":"if","locations":[{"start":{"line":114,"column":4},"end":{"line":118,"column":5}},{"start":{},"end":{}}],"line":114},"7":{"loc":{"start":{"line":120,"column":4},"end":{"line":123,"column":5}},"type":"if","locations":[{"start":{"line":120,"column":4},"end":{"line":123,"column":5}},{"start":{},"end":{}}],"line":120},"8":{"loc":{"start":{"line":133,"column":4},"end":{"line":138,"column":48}},"type":"if","locations":[{"start":{"line":133,"column":4},"end":{"line":138,"column":48}},{"start":{"line":135,"column":9},"end":{"line":138,"column":48}}],"line":133},"9":{"loc":{"start":{"line":135,"column":9},"end":{"line":138,"column":48}},"type":"if","locations":[{"start":{"line":135,"column":9},"end":{"line":138,"column":48}},{"start":{"line":137,"column":9},"end":{"line":138,"column":48}}],"line":135},"10":{"loc":{"start":{"line":137,"column":9},"end":{"line":138,"column":48}},"type":"if","locations":[{"start":{"line":137,"column":9},"end":{"line":138,"column":48}},{"start":{},"end":{}}],"line":137},"11":{"loc":{"start":{"line":148,"column":8},"end":{"line":158,"column":9}},"type":"if","locations":[{"start":{"line":148,"column":8},"end":{"line":158,"column":9}},{"start":{},"end":{}}],"line":148},"12":{"loc":{"start":{"line":152,"column":12},"end":{"line":157,"column":13}},"type":"if","locations":[{"start":{"line":152,"column":12},"end":{"line":157,"column":13}},{"start":{"line":155,"column":18},"end":{"line":157,"column":13}}],"line":152},"13":{"loc":{"start":{"line":155,"column":18},"end":{"line":157,"column":13}},"type":"if","locations":[{"start":{"line":155,"column":18},"end":{"line":157,"column":13}},{"start":{},"end":{}}],"line":155},"14":{"loc":{"start":{"line":177,"column":4},"end":{"line":180,"column":33}},"type":"if","locations":[{"start":{"line":177,"column":4},"end":{"line":180,"column":33}},{"start":{"line":180,"column":8},"end":{"line":180,"column":33}}],"line":177},"15":{"loc":{"start":{"line":182,"column":4},"end":{"line":185,"column":35}},"type":"if","locations":[{"start":{"line":182,"column":4},"end":{"line":185,"column":35}},{"start":{"line":185,"column":8},"end":{"line":185,"column":35}}],"line":182},"16":{"loc":{"start":{"line":199,"column":4},"end":{"line":202,"column":33}},"type":"if","locations":[{"start":{"line":199,"column":4},"end":{"line":202,"column":33}},{"start":{"line":202,"column":8},"end":{"line":202,"column":33}}],"line":199},"17":{"loc":{"start":{"line":204,"column":4},"end":{"line":207,"column":35}},"type":"if","locations":[{"start":{"line":204,"column":4},"end":{"line":207,"column":35}},{"start":{"line":207,"column":8},"end":{"line":207,"column":35}}],"line":204},"18":{"loc":{"start":{"line":220,"column":4},"end":{"line":223,"column":31}},"type":"if","locations":[{"start":{"line":220,"column":4},"end":{"line":223,"column":31}},{"start":{"line":223,"column":8},"end":{"line":223,"column":31}}],"line":220},"19":{"loc":{"start":{"line":225,"column":4},"end":{"line":228,"column":33}},"type":"if","locations":[{"start":{"line":225,"column":4},"end":{"line":228,"column":33}},{"start":{"line":228,"column":8},"end":{"line":228,"column":33}}],"line":225},"20":{"loc":{"start":{"line":243,"column":4},"end":{"line":244,"column":26}},"type":"if","locations":[{"start":{"line":243,"column":4},"end":{"line":244,"column":26}},{"start":{},"end":{}}],"line":243},"21":{"loc":{"start":{"line":246,"column":4},"end":{"line":247,"column":42}},"type":"if","locations":[{"start":{"line":246,"column":4},"end":{"line":247,"column":42}},{"start":{},"end":{}}],"line":246},"22":{"loc":{"start":{"line":250,"column":4},"end":{"line":251,"column":27}},"type":"if","locations":[{"start":{"line":250,"column":4},"end":{"line":251,"column":27}},{"start":{},"end":{}}],"line":250},"23":{"loc":{"start":{"line":253,"column":4},"end":{"line":254,"column":43}},"type":"if","locations":[{"start":{"line":253,"column":4},"end":{"line":254,"column":43}},{"start":{},"end":{}}],"line":253},"24":{"loc":{"start":{"line":263,"column":4},"end":{"line":266,"column":5}},"type":"if","locations":[{"start":{"line":263,"column":4},"end":{"line":266,"column":5}},{"start":{},"end":{}}],"line":263},"25":{"loc":{"start":{"line":268,"column":4},"end":{"line":271,"column":5}},"type":"if","locations":[{"start":{"line":268,"column":4},"end":{"line":271,"column":5}},{"start":{},"end":{}}],"line":268},"26":{"loc":{"start":{"line":281,"column":4},"end":{"line":293,"column":5}},"type":"if","locations":[{"start":{"line":281,"column":4},"end":{"line":293,"column":5}},{"start":{},"end":{}}],"line":281},"27":{"loc":{"start":{"line":286,"column":12},"end":{"line":291,"column":13}},"type":"if","locations":[{"start":{"line":286,"column":12},"end":{"line":291,"column":13}},{"start":{"line":289,"column":17},"end":{"line":291,"column":13}}],"line":286},"28":{"loc":{"start":{"line":304,"column":4},"end":{"line":314,"column":5}},"type":"if","locations":[{"start":{"line":304,"column":4},"end":{"line":314,"column":5}},{"start":{},"end":{}}],"line":304},"29":{"loc":{"start":{"line":316,"column":4},"end":{"line":319,"column":5}},"type":"if","locations":[{"start":{"line":316,"column":4},"end":{"line":319,"column":5}},{"start":{},"end":{}}],"line":316},"30":{"loc":{"start":{"line":321,"column":4},"end":{"line":330,"column":5}},"type":"if","locations":[{"start":{"line":321,"column":4},"end":{"line":330,"column":5}},{"start":{},"end":{}}],"line":321},"31":{"loc":{"start":{"line":332,"column":4},"end":{"line":336,"column":5}},"type":"if","locations":[{"start":{"line":332,"column":4},"end":{"line":336,"column":5}},{"start":{},"end":{}}],"line":332},"32":{"loc":{"start":{"line":335,"column":12},"end":{"line":335,"column":124}},"type":"cond-expr","locations":[{"start":{"line":335,"column":34},"end":{"line":335,"column":36}},{"start":{"line":335,"column":39},"end":{"line":335,"column":124}}],"line":335},"33":{"loc":{"start":{"line":338,"column":4},"end":{"line":341,"column":5}},"type":"if","locations":[{"start":{"line":338,"column":4},"end":{"line":341,"column":5}},{"start":{},"end":{}}],"line":338},"34":{"loc":{"start":{"line":343,"column":4},"end":{"line":346,"column":5}},"type":"if","locations":[{"start":{"line":343,"column":4},"end":{"line":346,"column":5}},{"start":{},"end":{}}],"line":343},"35":{"loc":{"start":{"line":348,"column":4},"end":{"line":351,"column":5}},"type":"if","locations":[{"start":{"line":348,"column":4},"end":{"line":351,"column":5}},{"start":{},"end":{}}],"line":348},"36":{"loc":{"start":{"line":353,"column":4},"end":{"line":356,"column":5}},"type":"if","locations":[{"start":{"line":353,"column":4},"end":{"line":356,"column":5}},{"start":{},"end":{}}],"line":353}},"s":{"0":1,"1":1,"2":1,"3":1,"4":1,"5":1,"6":1,"7":20,"8":8,"9":1,"10":4,"11":4,"12":4,"13":1,"14":4,"15":2,"16":2,"17":2,"18":2,"19":2,"20":2,"21":0,"22":0,"23":0,"24":0,"25":2,"26":2,"27":2,"28":2,"29":2,"30":2,"31":0,"32":2,"33":2,"34":2,"35":2,"36":0,"37":2,"38":2,"39":2,"40":2,"41":5,"42":0,"43":5,"44":4,"45":1,"46":1,"47":3,"48":3,"49":3,"50":3,"51":3,"52":3,"53":1,"54":2,"55":2,"56":1,"57":1,"58":1,"59":1,"60":0,"61":1,"62":0,"63":1,"64":1,"65":1,"66":1,"67":1,"68":0,"69":1,"70":0,"71":1,"72":1,"73":0,"74":0,"75":0,"76":0,"77":0,"78":0,"79":0,"80":0,"81":0,"82":0,"83":0,"84":0,"85":0,"86":0,"87":0,"88":0,"89":0,"90":0,"91":0,"92":0,"93":0,"94":1,"95":1,"96":0,"97":0,"98":8,"99":8,"100":4,"101":4,"102":4,"103":4,"104":0,"105":8,"106":38,"107":8,"108":8,"109":9,"110":8,"111":30,"112":8,"113":22,"114":11,"115":11,"116":11,"117":11,"118":10,"119":11,"120":11,"121":1,"122":10,"123":1,"124":9,"125":5,"126":4,"127":1,"128":3,"129":3,"130":8,"131":8,"132":0,"133":8,"134":8,"135":8,"136":1,"137":1},"f":{"0":8,"1":20,"2":4,"3":2,"4":2,"5":0,"6":2,"7":2,"8":5,"9":3,"10":1,"11":1,"12":1,"13":0,"14":0,"15":1,"16":8,"17":38,"18":8,"19":8},"b":{"0":[1,3],"1":[2,0],"2":[1,1],"3":[2,0],"4":[0,0],"5":[0,0],"6":[0,2],"7":[2,0],"8":[0,5],"9":[4,1],"10":[1,0],"11":[3,0],"12":[1,2],"13":[2,0],"14":[1,0],"15":[0,1],"16":[1,0],"17":[0,1],"18":[0,0],"19":[0,0],"20":[0,0],"21":[0,0],"22":[0,0],"23":[0,0],"24":[1,0],"25":[0,0],"26":[4,4],"27":[4,0],"28":[8,30],"29":[8,22],"30":[11,11],"31":[1,10],"32":[0,1],"33":[1,9],"34":[5,4],"35":[1,3],"36":[3,0]},"_coverageSchema":"1a1c01bbd47fc00a2c39e90264f33305004495a9","hash":"5ca7063082ca0b1019a1a9a735c6f6219360c0f7"}
}
