TN:
SF:transpiler.js
FN:31,(anonymous_0)
FN:33,apply
FN:42,getCalleeName
FN:61,getArguments
FN:64,(anonymous_4)
FN:97,callExpressionArg
FN:102,callExpressionFn
FN:107,callExpression
FN:131,returnStatement
FN:141,variableDeclaration
FN:163,elseStatement
FN:170,ifStatement
FN:192,whileStatement
FN:214,getBinaryExpression
FN:235,assignmentExpression
FN:260,expressionStatement
FN:276,functionDeclaration
FN:301,transpilerTree
FN:361,getTree
FN:373,transpiler
FNF:20
FNH:17
FNDA:8,(anonymous_0)
FNDA:20,apply
FNDA:4,getCalleeName
FNDA:2,getArguments
FNDA:2,(anonymous_4)
FNDA:0,callExpressionArg
FNDA:2,callExpressionFn
FNDA:2,callExpression
FNDA:5,returnStatement
FNDA:3,variableDeclaration
FNDA:1,elseStatement
FNDA:1,ifStatement
FNDA:1,whileStatement
FNDA:0,getBinaryExpression
FNDA:0,assignmentExpression
FNDA:1,expressionStatement
FNDA:8,functionDeclaration
FNDA:38,transpilerTree
FNDA:8,getTree
FNDA:8,transpiler
DA:1,1
DA:2,1
DA:4,1
DA:5,1
DA:6,1
DA:8,1
DA:31,1
DA:34,20
DA:37,8
DA:40,1
DA:47,4
DA:49,4
DA:51,4
DA:52,1
DA:54,4
DA:64,2
DA:66,2
DA:68,2
DA:70,2
DA:71,2
DA:73,2
DA:75,0
DA:77,0
DA:79,0
DA:80,0
DA:83,2
DA:87,2
DA:88,2
DA:89,2
DA:92,2
DA:99,0
DA:104,2
DA:110,2
DA:112,2
DA:114,2
DA:117,0
DA:120,2
DA:122,2
DA:125,2
DA:127,2
DA:133,5
DA:134,0
DA:135,5
DA:136,4
DA:137,1
DA:138,1
DA:144,3
DA:146,3
DA:147,3
DA:148,3
DA:152,3
DA:154,1
DA:155,2
DA:156,2
DA:166,1
DA:173,1
DA:177,1
DA:178,1
DA:180,0
DA:182,1
DA:183,0
DA:185,1
DA:188,1
DA:195,1
DA:199,1
DA:200,1
DA:202,0
DA:204,1
DA:205,0
DA:207,1
DA:210,1
DA:216,0
DA:217,0
DA:218,0
DA:220,0
DA:221,0
DA:223,0
DA:225,0
DA:226,0
DA:228,0
DA:230,0
DA:238,0
DA:239,0
DA:243,0
DA:244,0
DA:246,0
DA:247,0
DA:250,0
DA:251,0
DA:253,0
DA:254,0
DA:256,0
DA:263,1
DA:265,1
DA:268,0
DA:270,0
DA:279,8
DA:281,8
DA:284,4
DA:286,4
DA:288,4
DA:290,0
DA:295,8
DA:304,38
DA:306,8
DA:308,8
DA:310,9
DA:313,8
DA:316,30
DA:318,8
DA:321,22
DA:323,11
DA:324,11
DA:325,11
DA:327,10
DA:329,11
DA:332,11
DA:334,1
DA:338,10
DA:340,1
DA:343,9
DA:345,5
DA:348,4
DA:350,1
DA:353,3
DA:355,3
DA:363,8
DA:364,8
DA:367,0
DA:375,8
DA:382,8
DA:384,8
DA:388,1
DA:390,1
LF:134
LH:98
BRDA:51,0,0,1
BRDA:51,0,1,3
BRDA:68,1,0,2
BRDA:68,1,1,0
BRDA:71,2,0,1
BRDA:71,2,1,1
BRDA:73,3,0,2
BRDA:73,3,1,0
BRDA:75,4,0,0
BRDA:75,4,1,0
BRDA:79,5,0,0
BRDA:79,5,1,0
BRDA:114,6,0,0
BRDA:114,6,1,2
BRDA:120,7,0,2
BRDA:120,7,1,0
BRDA:133,8,0,0
BRDA:133,8,1,5
BRDA:135,9,0,4
BRDA:135,9,1,1
BRDA:137,10,0,1
BRDA:137,10,1,0
BRDA:148,11,0,3
BRDA:148,11,1,0
BRDA:152,12,0,1
BRDA:152,12,1,2
BRDA:155,13,0,2
BRDA:155,13,1,0
BRDA:177,14,0,1
BRDA:177,14,1,0
BRDA:182,15,0,0
BRDA:182,15,1,1
BRDA:199,16,0,1
BRDA:199,16,1,0
BRDA:204,17,0,0
BRDA:204,17,1,1
BRDA:220,18,0,0
BRDA:220,18,1,0
BRDA:225,19,0,0
BRDA:225,19,1,0
BRDA:243,20,0,0
BRDA:243,20,1,0
BRDA:246,21,0,0
BRDA:246,21,1,0
BRDA:250,22,0,0
BRDA:250,22,1,0
BRDA:253,23,0,0
BRDA:253,23,1,0
BRDA:263,24,0,1
BRDA:263,24,1,0
BRDA:268,25,0,0
BRDA:268,25,1,0
BRDA:281,26,0,4
BRDA:281,26,1,4
BRDA:286,27,0,4
BRDA:286,27,1,0
BRDA:304,28,0,8
BRDA:304,28,1,30
BRDA:316,29,0,8
BRDA:316,29,1,22
BRDA:321,30,0,11
BRDA:321,30,1,11
BRDA:332,31,0,1
BRDA:332,31,1,10
BRDA:335,32,0,0
BRDA:335,32,1,1
BRDA:338,33,0,1
BRDA:338,33,1,9
BRDA:343,34,0,5
BRDA:343,34,1,4
BRDA:348,35,0,1
BRDA:348,35,1,3
BRDA:353,36,0,3
BRDA:353,36,1,0
BRF:74
BRH:40
end_of_record
